Arguments: 
  /usr/bin/node /usr/share/yarn/bin/yarn.js install

PATH: 
  /home/biar/.rvm/gems/ruby-2.3.0/bin:/home/biar/.rvm/gems/ruby-2.3.0@global/bin:/home/biar/.rvm/rubies/ruby-2.3.0/bin:/usr/local/sbin:/usr/local/bin:/usr/sbin:/usr/bin:/sbin:/bin:/usr/games:/usr/local/games:/usr/local/share/scala/bin:/home/biar/hadoop/bin:/home/biar/hadoop/sbin:/home/biar/.rvm/bin

Yarn version: 
  1.6.0

Node version: 
  10.1.0

Platform: 
  linux x64

Trace: 
  Error: ENOSPC: no space left on device, copyfile '/home/biar/.cache/yarn/v1/npm-vue-resize-0.4.4-dee9b8dd1b189e7e3f6ec47f86c60694a241bb17/docs-src/README.md' -> '/home/biar/Documents/LSI/landmark-challenge/node_modules/vue-resize/docs-src/README.md'

npm manifest: 
  {
    "dependencies": {
      "mapbox-gl-vue": "^1.8.2",
      "vue-googlemaps": "^0.0.6",
      "vue-router": "^3.0.1",
      "vue2-dropzone": "^3.2.2",
      "vuetify": "^1.0.17"
    }
  }

yarn manifest: 
  No manifest

Lockfile: 
  No lockfile
